mode: set
github.com/go-fork/providers/mongodb/config.go:152.30,221.2 1 1
github.com/go-fork/providers/mongodb/config.go:224.52,226.2 1 1
github.com/go-fork/providers/mongodb/config.go:229.60,231.2 1 1
github.com/go-fork/providers/mongodb/config.go:234.51,235.26 1 1
github.com/go-fork/providers/mongodb/config.go:235.26,237.3 1 1
github.com/go-fork/providers/mongodb/config.go:238.2,238.58 1 1
github.com/go-fork/providers/mongodb/config.go:242.55,244.2 1 1
github.com/go-fork/providers/mongodb/config.go:247.52,249.2 1 1
github.com/go-fork/providers/mongodb/config.go:252.45,254.2 1 1
github.com/go-fork/providers/mongodb/config.go:257.53,259.2 1 1
github.com/go-fork/providers/mongodb/config.go:262.46,264.2 1 1
github.com/go-fork/providers/mongodb/manager.go:120.27,123.2 2 1
github.com/go-fork/providers/mongodb/manager.go:126.50,128.22 1 1
github.com/go-fork/providers/mongodb/manager.go:128.22,129.35 1 0
github.com/go-fork/providers/mongodb/manager.go:133.2,133.53 1 1
github.com/go-fork/providers/mongodb/manager.go:133.53,134.38 1 1
github.com/go-fork/providers/mongodb/manager.go:137.2,141.3 1 1
github.com/go-fork/providers/mongodb/manager.go:145.62,152.22 4 1
github.com/go-fork/providers/mongodb/manager.go:152.22,154.3 1 1
github.com/go-fork/providers/mongodb/manager.go:157.2,157.32 1 1
github.com/go-fork/providers/mongodb/manager.go:157.32,164.51 2 1
github.com/go-fork/providers/mongodb/manager.go:164.51,166.4 1 0
github.com/go-fork/providers/mongodb/manager.go:167.3,167.27 1 1
github.com/go-fork/providers/mongodb/manager.go:171.2,171.28 1 1
github.com/go-fork/providers/mongodb/manager.go:171.28,173.3 1 1
github.com/go-fork/providers/mongodb/manager.go:174.2,174.28 1 1
github.com/go-fork/providers/mongodb/manager.go:174.28,176.3 1 1
github.com/go-fork/providers/mongodb/manager.go:177.2,177.32 1 1
github.com/go-fork/providers/mongodb/manager.go:177.32,179.3 1 1
github.com/go-fork/providers/mongodb/manager.go:180.2,180.30 1 1
github.com/go-fork/providers/mongodb/manager.go:180.30,182.3 1 1
github.com/go-fork/providers/mongodb/manager.go:185.2,185.31 1 1
github.com/go-fork/providers/mongodb/manager.go:185.31,187.3 1 1
github.com/go-fork/providers/mongodb/manager.go:188.2,188.30 1 1
github.com/go-fork/providers/mongodb/manager.go:188.30,190.3 1 1
github.com/go-fork/providers/mongodb/manager.go:191.2,191.39 1 1
github.com/go-fork/providers/mongodb/manager.go:191.39,193.3 1 1
github.com/go-fork/providers/mongodb/manager.go:194.2,194.34 1 1
github.com/go-fork/providers/mongodb/manager.go:194.34,196.3 1 1
github.com/go-fork/providers/mongodb/manager.go:197.2,197.31 1 1
github.com/go-fork/providers/mongodb/manager.go:197.31,199.3 1 1
github.com/go-fork/providers/mongodb/manager.go:202.2,202.24 1 1
github.com/go-fork/providers/mongodb/manager.go:202.24,207.3 2 1
github.com/go-fork/providers/mongodb/manager.go:210.2,210.38 1 1
github.com/go-fork/providers/mongodb/manager.go:210.38,211.37 1 1
github.com/go-fork/providers/mongodb/manager.go:212.18,213.46 1 1
github.com/go-fork/providers/mongodb/manager.go:214.27,215.55 1 0
github.com/go-fork/providers/mongodb/manager.go:216.20,217.48 1 1
github.com/go-fork/providers/mongodb/manager.go:218.29,219.57 1 0
github.com/go-fork/providers/mongodb/manager.go:220.18,221.46 1 0
github.com/go-fork/providers/mongodb/manager.go:226.2,226.36 1 1
github.com/go-fork/providers/mongodb/manager.go:226.36,227.35 1 1
github.com/go-fork/providers/mongodb/manager.go:228.16,229.44 1 0
github.com/go-fork/providers/mongodb/manager.go:230.20,231.48 1 0
github.com/go-fork/providers/mongodb/manager.go:232.19,233.47 1 1
github.com/go-fork/providers/mongodb/manager.go:234.23,235.51 1 0
github.com/go-fork/providers/mongodb/manager.go:236.19,237.47 1 0
github.com/go-fork/providers/mongodb/manager.go:242.2,242.101 1 1
github.com/go-fork/providers/mongodb/manager.go:242.101,245.35 2 1
github.com/go-fork/providers/mongodb/manager.go:245.35,246.48 1 1
github.com/go-fork/providers/mongodb/manager.go:246.48,247.15 1 1
github.com/go-fork/providers/mongodb/manager.go:247.15,249.6 1 1
github.com/go-fork/providers/mongodb/manager.go:249.11,249.22 1 1
github.com/go-fork/providers/mongodb/manager.go:249.22,251.6 1 1
github.com/go-fork/providers/mongodb/manager.go:251.11,253.6 1 1
github.com/go-fork/providers/mongodb/manager.go:254.10,254.58 1 1
github.com/go-fork/providers/mongodb/manager.go:254.58,255.24 1 1
github.com/go-fork/providers/mongodb/manager.go:255.24,257.6 1 1
github.com/go-fork/providers/mongodb/manager.go:257.11,259.6 1 0
github.com/go-fork/providers/mongodb/manager.go:264.3,264.39 1 1
github.com/go-fork/providers/mongodb/manager.go:264.39,266.19 2 1
github.com/go-fork/providers/mongodb/manager.go:266.19,272.5 1 1
github.com/go-fork/providers/mongodb/manager.go:272.10,274.5 1 0
github.com/go-fork/providers/mongodb/manager.go:278.3,278.34 1 1
github.com/go-fork/providers/mongodb/manager.go:278.34,280.38 2 1
github.com/go-fork/providers/mongodb/manager.go:280.38,285.20 2 1
github.com/go-fork/providers/mongodb/manager.go:285.20,287.6 1 1
github.com/go-fork/providers/mongodb/manager.go:288.5,288.24 1 1
github.com/go-fork/providers/mongodb/manager.go:288.24,290.6 1 1
github.com/go-fork/providers/mongodb/manager.go:291.5,291.15 1 1
github.com/go-fork/providers/mongodb/manager.go:292.10,294.5 1 0
github.com/go-fork/providers/mongodb/manager.go:297.3,297.27 1 1
github.com/go-fork/providers/mongodb/manager.go:301.2,301.26 1 1
github.com/go-fork/providers/mongodb/manager.go:301.26,303.3 1 1
github.com/go-fork/providers/mongodb/manager.go:306.2,306.19 1 1
github.com/go-fork/providers/mongodb/manager.go:306.19,308.3 1 1
github.com/go-fork/providers/mongodb/manager.go:311.2,311.29 1 1
github.com/go-fork/providers/mongodb/manager.go:311.29,313.3 1 1
github.com/go-fork/providers/mongodb/manager.go:316.2,316.33 1 1
github.com/go-fork/providers/mongodb/manager.go:316.33,318.3 1 1
github.com/go-fork/providers/mongodb/manager.go:321.2,325.25 3 1
github.com/go-fork/providers/mongodb/manager.go:325.25,327.3 1 0
github.com/go-fork/providers/mongodb/manager.go:330.2,331.16 2 1
github.com/go-fork/providers/mongodb/manager.go:331.16,333.3 1 0
github.com/go-fork/providers/mongodb/manager.go:336.2,337.16 2 1
github.com/go-fork/providers/mongodb/manager.go:337.16,339.3 1 1
github.com/go-fork/providers/mongodb/manager.go:341.2,341.20 1 1
github.com/go-fork/providers/mongodb/manager.go:345.42,346.21 1 1
github.com/go-fork/providers/mongodb/manager.go:346.21,348.17 2 1
github.com/go-fork/providers/mongodb/manager.go:348.17,349.59 1 0
github.com/go-fork/providers/mongodb/manager.go:351.3,351.20 1 1
github.com/go-fork/providers/mongodb/manager.go:353.2,353.17 1 1
github.com/go-fork/providers/mongodb/manager.go:357.46,358.23 1 1
github.com/go-fork/providers/mongodb/manager.go:358.23,362.3 2 1
github.com/go-fork/providers/mongodb/manager.go:363.2,363.19 1 1
github.com/go-fork/providers/mongodb/manager.go:367.65,371.2 2 1
github.com/go-fork/providers/mongodb/manager.go:374.61,376.2 1 1
github.com/go-fork/providers/mongodb/manager.go:379.91,381.2 1 1
github.com/go-fork/providers/mongodb/manager.go:384.36,386.2 1 1
github.com/go-fork/providers/mongodb/manager.go:389.51,393.2 2 1
github.com/go-fork/providers/mongodb/manager.go:396.57,398.35 1 1
github.com/go-fork/providers/mongodb/manager.go:398.35,400.3 1 0
github.com/go-fork/providers/mongodb/manager.go:401.2,401.12 1 1
github.com/go-fork/providers/mongodb/manager.go:405.88,409.2 2 1
github.com/go-fork/providers/mongodb/manager.go:412.94,416.16 3 1
github.com/go-fork/providers/mongodb/manager.go:416.16,418.3 1 0
github.com/go-fork/providers/mongodb/manager.go:419.2,420.44 2 1
github.com/go-fork/providers/mongodb/manager.go:424.176,428.16 3 1
github.com/go-fork/providers/mongodb/manager.go:428.16,430.3 1 0
github.com/go-fork/providers/mongodb/manager.go:431.2,433.50 2 1
github.com/go-fork/providers/mongodb/manager.go:437.58,440.36 1 1
github.com/go-fork/providers/mongodb/manager.go:440.36,442.3 1 1
github.com/go-fork/providers/mongodb/manager.go:445.2,447.12 3 1
github.com/go-fork/providers/mongodb/manager.go:451.78,455.2 3 1
github.com/go-fork/providers/mongodb/manager.go:458.74,461.2 1 1
github.com/go-fork/providers/mongodb/manager.go:464.72,466.2 1 1
github.com/go-fork/providers/mongodb/manager.go:469.59,471.2 1 1
github.com/go-fork/providers/mongodb/manager.go:474.80,476.2 1 1
github.com/go-fork/providers/mongodb/manager.go:479.135,481.2 1 1
github.com/go-fork/providers/mongodb/manager.go:484.168,487.2 2 1
github.com/go-fork/providers/mongodb/manager.go:490.188,493.2 2 1
github.com/go-fork/providers/mongodb/manager.go:496.147,498.2 1 1
github.com/go-fork/providers/mongodb/manager.go:501.161,504.2 2 1
github.com/go-fork/providers/mongodb/manager.go:507.181,511.2 2 1
github.com/go-fork/providers/mongodb/manager.go:514.154,517.2 2 1
github.com/go-fork/providers/mongodb/manager.go:520.174,523.2 2 1
github.com/go-fork/providers/mongodb/manager.go:526.135,530.2 2 1
github.com/go-fork/providers/mongodb/manager.go:533.155,536.2 2 1
github.com/go-fork/providers/mongodb/manager.go:539.107,542.2 2 1
github.com/go-fork/providers/mongodb/manager.go:545.127,548.2 2 1
github.com/go-fork/providers/mongodb/manager.go:551.99,554.2 2 1
github.com/go-fork/providers/mongodb/manager.go:557.119,560.2 2 1
github.com/go-fork/providers/mongodb/provider.go:25.43,27.2 1 1
github.com/go-fork/providers/mongodb/provider.go:37.53,41.9 1 1
github.com/go-fork/providers/mongodb/provider.go:41.9,45.15 2 1
github.com/go-fork/providers/mongodb/provider.go:45.15,48.4 1 1
github.com/go-fork/providers/mongodb/provider.go:51.3,53.27 3 1
github.com/go-fork/providers/mongodb/provider.go:53.27,54.70 1 0
github.com/go-fork/providers/mongodb/provider.go:56.3,57.17 2 1
github.com/go-fork/providers/mongodb/provider.go:57.17,58.59 1 0
github.com/go-fork/providers/mongodb/provider.go:62.3,78.56 10 1
github.com/go-fork/providers/mongodb/provider.go:90.49,93.16 1 1
github.com/go-fork/providers/mongodb/provider.go:93.16,95.3 1 1
github.com/go-fork/providers/mongodb/provider.go:105.48,107.2 1 1
github.com/go-fork/providers/mongodb/provider.go:113.47,118.2 1 1
